{
  "level": "error",
  "log_data": {
    "filename": "D:/Openleaf/Openleaf-Dev-B2B-Notification-Server/helpers/email.go:92",
    "log_data": {
      "body": "\u003chtml\u003e\n\t\t\u003chead\u003e\n\t\t\t\u003cstyle\u003e\n\t\t\t\tbody { font-family: Arial, sans-serif; color: #333; line-height: 1.5; margin: 0; padding: 20px; }\n\t\t\t\t.container { max-width: 600px; margin: 0 auto; }\n\t\t\t\t.order-details { border: 1px solid #ddd; padding: 15px; margin: 20px 0; }\n\t\t\t\t.details-grid { display: grid; grid-template-columns: 140px 1fr; gap: 8px; }\n\t\t\t\t.carton-table { width: 100%; border-collapse: collapse; font-size: 14px; margin-top: 10px; }\n\t\t\t\t.carton-table th, .carton-table td { border: 1px solid #ddd; padding: 8px; text-align: left; }\n\t\t\t\t.carton-table th { background: #f5f5f5; font-weight: bold; }\n\t\t\t\t.location-section { margin: 20px 0; }\n\t\t\t\t.location-title { font-weight: bold; margin-bottom: 8px; padding-bottom: 4px; border-bottom: 1px solid #ddd; }\n\t\t\t\t.location-grid { display: grid; grid-template-columns: 60px 1fr; gap: 6px; font-size: 14px; }\n\t\t\t\t.footer { margin-top: 30px; padding-top: 15px; border-top: 1px solid #ddd; }\n\t\t\t\u003c/style\u003e\n\t\t\u003c/head\u003e\n\t\t\u003cbody\u003e\n\t\t\t\u003cdiv class=\"container\"\u003e\n\t\t\t\t\u003ch3 style=\"margin: 0 0 20px 0;\"\u003eDelivery Schedule Notification\u003c/h3\u003e\n\t\t\t\t\u003cp\u003eHello TestCarrier Team,\u003c/p\u003e\n\t\t\t\t\u003cp\u003eThis is to inform you about the delivery schedule for the following order:\u003c/p\u003e\n\t\n\t\t\t\t\u003cdiv class=\"order-details\"\u003e\n\t\t\t\t\t\u003cdiv class=\"details-grid\"\u003e\n\t\t\t\t\t\t\u003cspan\u003eLR Number:\u003c/span\u003e\u003cspan\u003e\u003cstrong\u003e498027\u003c/strong\u003e\u003c/span\u003e\n\t\t\t\t\t\t\u003cspan\u003ePO Number:\u003c/span\u003e\u003cspan\u003e\u003cstrong\u003eNHO1356502\u003c/strong\u003e\u003c/span\u003e\n\t\t\t\t\t\t\u003cspan\u003eMaster Waybills:\u003c/span\u003e\u003cspan\u003eMWB503723\u003c/span\u003e\n\t\t\t\t\t\t\u003cspan\u003eChild Waybills:\u003c/span\u003e\u003cspan\u003eWB502374\u003c/span\u003e\n\t\t\t\t\t\t\u003cspan\u003eDelivery Schedule:\u003c/span\u003e\u003cspan\u003e\u003cstrong\u003e30 Aug 2025 11:21\u003c/strong\u003e\u003c/span\u003e\n\t\t\t\t\t\t\u003cspan\u003eTotal Cartons:\u003c/span\u003e\u003cspan\u003e2\u003c/span\u003e\n\t\t\t\t\t\t\u003cspan\u003eTotal Weight:\u003c/span\u003e\u003cspan\u003e50000.00 KG\u003c/span\u003e\n\t\t\t\t\t\u003c/div\u003e\n\t\t\t\t\u003c/div\u003e\n\t\n\t\t\t\t\u003cdiv class=\"order-details\"\u003e\n\t\t\t\t\t\u003cdiv class=\"location-title\" style=\"margin-bottom: 10px;\"\u003eCarton Details\u003c/div\u003e\n\t\t\t\t\t\u003ctable class=\"carton-table\"\u003e\n\t\t\t\t\t\t\u003ctr\u003e\n\t\t\t\t\t\t\t\u003cth\u003eCarton\u003c/th\u003e\n\t\t\t\t\t\t\t\u003cth\u003eDimensions (L x B x H)\u003c/th\u003e\n\t\t\t\t\t\t\t\u003cth\u003eQuantity\u003c/th\u003e\n\t\t\t\t\t\t\t\u003cth\u003eWeight\u003c/th\u003e\n\t\t\t\t\t\t\u003c/tr\u003e\n\t\t\t\t\t\t\u003ctr\u003e\u003ctd\u003e1\u003c/td\u003e\u003ctd\u003e1000.00 x 1000.00 x 1000.00 cm\u003c/td\u003e\u003ctd\u003e2\u003c/td\u003e\u003ctd\u003e50000.00 KG\u003c/td\u003e\u003c/tr\u003e\u003ctr\u003e\u003ctd\u003e2\u003c/td\u003e\u003ctd\u003e2000.00 x 2000.00 x 2000.00 cm\u003c/td\u003e\u003ctd\u003e2\u003c/td\u003e\u003ctd\u003e20000.00 KG\u003c/td\u003e\u003c/tr\u003e\n\t\t\t\t\t\u003c/table\u003e\n\t\t\t\t\u003c/div\u003e\n\t\n\t\t\t\t\u003cdiv class=\"location-section\"\u003e\n\t\t\t\t\t\u003cdiv class=\"location-title\"\u003eDelivery Address\u003c/div\u003e\n\t\t\t\t\t\u003cdiv class=\"location-grid\"\u003e\n\t\t\t\t\t\t\u003cspan\u003eName:\u003c/span\u003e\u003cspan\u003eMumbai Warehouse\u003c/span\u003e\n\t\t\t\t\t\t\u003cspan\u003eAddress:\u003c/span\u003e\u003cspan\u003e501, Lotus Residency, SV Road, Sion West, Mumbai, Maharashtra 400022\u003cbr\u003eMumbai, Maharashtra - 400022\u003c/span\u003e\n\t\t\t\t\t\t\u003cspan\u003eContact:\u003c/span\u003e\u003cspan\u003e8104561330\u003c/span\u003e\n\t\t\t\t\t\t\u003cspan\u003eEmail:\u003c/span\u003e\u003cspan\u003eomkar.kamble@openleaf.tech\u003c/span\u003e\n\t\t\t\t\t\u003c/div\u003e\n\t\t\t\t\u003c/div\u003e\n\t\n\t\t\t\t\u003cdiv class=\"location-section\"\u003e\n\t\t\t\t\t\u003cdiv class=\"location-title\"\u003ePickup Address\u003c/div\u003e\n\t\t\t\t\t\u003cdiv class=\"location-grid\"\u003e\n\t\t\t\t\t\t\u003cspan\u003eName:\u003c/span\u003e\u003cspan\u003eMARS Cosmetics Pvt Ltd (MARSS)-302306\u003c/span\u003e\n\t\t\t\t\t\t\u003cspan\u003eAddress:\u003c/span\u003e\u003cspan\u003e3/36 2nd Floor Roop Nagar, Delhi\u003cbr\u003eDelhi, Delhi - 110007\u003c/span\u003e\n\t\t\t\t\t\t\u003cspan\u003eContact:\u003c/span\u003e\u003cspan\u003e\u003c/span\u003e\n\t\t\t\t\t\t\u003cspan\u003eEmail:\u003c/span\u003e\u003cspan\u003e\u003c/span\u003e\n\t\t\t\t\t\u003c/div\u003e\n\t\t\t\t\u003c/div\u003e\n\t\n\t\t\t\t\u003cdiv class=\"footer\"\u003e\n\t\t\t\t\t\u003cp\u003e\u003cstrong\u003eBest regards,\u003c/strong\u003e\u003cbr\u003eOpenleaf Team\u003c/p\u003e\n\t\t\t\t\u003c/div\u003e\n\t\t\t\u003c/div\u003e\n\t\t\u003c/body\u003e\n\t\t\u003c/html\u003e",
      "cc": [
        "omkar@openleaf.tech",
        "nikhil@openleaf.tech",
        "sahil@openleaf.tech"
      ],
      "error": "gomail: could not send email 1: open https://b2b-openleaf-bucket-1.s3.ap-south-1.amazonaws.com/order-documents/bb35c674-9117-4453-bb14-2ac1bd3441c7--purchase-order---0c344c40-99b3-4cd5-9497-88826edd3636--purchase-order---PODetails_NHO1356502_152145.pdf: The filename, directory name, or volume label syntax is incorrect.",
      "files": [
        "https://b2b-openleaf-bucket-1.s3.ap-south-1.amazonaws.com/order-documents/bb35c674-9117-4453-bb14-2ac1bd3441c7--purchase-order---0c344c40-99b3-4cd5-9497-88826edd3636--purchase-order---PODetails_NHO1356502_152145.pdf"
      ],
      "from": "b2b@openleaf.tech",
      "isHTML": true,
      "subject": "Delivery Scheduled for LR 498027 on 30 Aug 2025",
      "to": [
        "omkarkamble.work@gmail.com"
      ]
    }
  },
  "msg": "failed to send email",
  "time": "01-09-2025 14:10:42"
}
{
  "level": "error",
  "log_data": {
    "filename": "D:/Openleaf/Openleaf-Dev-B2B-Notification-Server/workers/carrier/appointmentEmail.go:237",
    "log_data": {
      "error": "failed to send email: gomail: could not send email 1: open https://b2b-openleaf-bucket-1.s3.ap-south-1.amazonaws.com/order-documents/bb35c674-9117-4453-bb14-2ac1bd3441c7--purchase-order---0c344c40-99b3-4cd5-9497-88826edd3636--purchase-order---PODetails_NHO1356502_152145.pdf: The filename, directory name, or volume label syntax is incorrect."
    }
  },
  "msg": "[worker] failed to send appointment email",
  "time": "01-09-2025 14:10:42"
}
{
  "level": "error",
  "log_data": {
    "filename": "D:/Openleaf/Openleaf-Dev-B2B-Notification-Server/helpers/email.go:92",
    "log_data": {
      "body": "\u003chtml\u003e\n\t\t\u003chead\u003e\n\t\t\t\u003cstyle\u003e\n\t\t\t\tbody { font-family: Arial, sans-serif; color: #333; line-height: 1.5; margin: 0; padding: 20px; }\n\t\t\t\t.order-details { padding: 15px; margin: 20px 0; }\n\t\t\t\t.details-row { margin-bottom: 8px; }\n\t\t\t\t.label { font-weight: bold; display: inline; }\n\t\t\t\t.value { display: inline; margin-left: 5px; }\n\t\t\t\t.carton-table { width: 100%; border-collapse: collapse; font-size: 14px; margin-top: 10px; }\n\t\t\t\t.carton-table th, .carton-table td { border: 1px solid #ddd; padding: 8px; text-align: left; }\n\t\t\t\t.carton-table th { background: #f5f5f5; font-weight: bold; }\n\t\t\t\t.location-section { margin: 20px 0; }\n\t\t\t\t.location-title { font-weight: bold; margin-bottom: 8px; }\n\t\t\t\t.location-row { margin-bottom: 6px; font-size: 14px; }\n\t\t\t\t.footer { margin-top: 30px; }\n\t\t\t\u003c/style\u003e\n\t\t\u003c/head\u003e\n\t\t\u003cbody\u003e\n\t\t\t\u003ch3 style=\"margin: 0 0 20px 0;\"\u003eDelivery Schedule Notification\u003c/h3\u003e\n\t\t\t\u003cp\u003eHello TestCarrier Team,\u003c/p\u003e\n\t\t\t\u003cp\u003eThis is to inform you about the delivery schedule for the following order:\u003c/p\u003e\n\t\n\t\t\t\u003cdiv class=\"order-details\"\u003e\n\t\t\t\t\u003cdiv class=\"details-row\"\u003e\n\t\t\t\t\t\u003cspan class=\"label\"\u003eLR Number:\u003c/span\u003e\n\t\t\t\t\t\u003cspan class=\"value\"\u003e498027\u003c/span\u003e\n\t\t\t\t\u003c/div\u003e\n\t\t\t\t\u003cdiv class=\"details-row\"\u003e\n\t\t\t\t\t\u003cspan class=\"label\"\u003ePO Number:\u003c/span\u003e\n\t\t\t\t\t\u003cspan class=\"value\"\u003eNHO1356502\u003c/span\u003e\n\t\t\t\t\u003c/div\u003e\n\t\t\t\t\u003cdiv class=\"details-row\"\u003e\n\t\t\t\t\t\u003cspan class=\"label\"\u003eMaster Waybills:\u003c/span\u003e\n\t\t\t\t\t\u003cspan class=\"value\"\u003eMWB503723\u003c/span\u003e\n\t\t\t\t\u003c/div\u003e\n\t\t\t\t\u003cdiv class=\"details-row\"\u003e\n\t\t\t\t\t\u003cspan class=\"label\"\u003eChild Waybills:\u003c/span\u003e\n\t\t\t\t\t\u003cspan class=\"value\"\u003eWB502374\u003c/span\u003e\n\t\t\t\t\u003c/div\u003e\n\t\t\t\t\u003cdiv class=\"details-row\"\u003e\n\t\t\t\t\t\u003cspan class=\"label\"\u003eDelivery Schedule:\u003c/span\u003e\n\t\t\t\t\t\u003cspan class=\"value\"\u003e30 Aug 2025 11:21\u003c/span\u003e\n\t\t\t\t\u003c/div\u003e\n\t\t\t\t\u003cdiv class=\"details-row\"\u003e\n\t\t\t\t\t\u003cspan class=\"label\"\u003eTotal Cartons:\u003c/span\u003e\n\t\t\t\t\t\u003cspan class=\"value\"\u003e2\u003c/span\u003e\n\t\t\t\t\u003c/div\u003e\n\t\t\t\t\u003cdiv class=\"details-row\"\u003e\n\t\t\t\t\t\u003cspan class=\"label\"\u003eTotal Weight:\u003c/span\u003e\n\t\t\t\t\t\u003cspan class=\"value\"\u003e50000.00 KG\u003c/span\u003e\n\t\t\t\t\u003c/div\u003e\n\t\t\t\u003c/div\u003e\n\t\n\t\t\t\u003cdiv class=\"order-details\"\u003e\n\t\t\t\t\u003cdiv class=\"location-title\"\u003eCarton Details\u003c/div\u003e\n\t\t\t\t\u003ctable class=\"carton-table\"\u003e\n\t\t\t\t\t\u003ctr\u003e\n\t\t\t\t\t\t\u003cth\u003eCarton\u003c/th\u003e\n\t\t\t\t\t\t\u003cth\u003eDimensions (L x B x H)\u003c/th\u003e\n\t\t\t\t\t\t\u003cth\u003eQuantity\u003c/th\u003e\n\t\t\t\t\t\t\u003cth\u003eWeight\u003c/th\u003e\n\t\t\t\t\t\u003c/tr\u003e\n\t\t\t\t\t\u003ctr\u003e\u003ctd\u003e1\u003c/td\u003e\u003ctd\u003e1000.00 x 1000.00 x 1000.00 cm\u003c/td\u003e\u003ctd\u003e2\u003c/td\u003e\u003ctd\u003e50000.00 KG\u003c/td\u003e\u003c/tr\u003e\u003ctr\u003e\u003ctd\u003e2\u003c/td\u003e\u003ctd\u003e2000.00 x 2000.00 x 2000.00 cm\u003c/td\u003e\u003ctd\u003e2\u003c/td\u003e\u003ctd\u003e20000.00 KG\u003c/td\u003e\u003c/tr\u003e\n\t\t\t\t\u003c/table\u003e\n\t\t\t\u003c/div\u003e\n\t\n\t\t\t\u003cdiv class=\"location-section\"\u003e\n\t\t\t\t\u003cdiv class=\"location-title\"\u003eDelivery Address\u003c/div\u003e\n\t\t\t\t\u003cdiv class=\"location-row\"\u003e\n\t\t\t\t\t\u003cspan class=\"label\"\u003eName:\u003c/span\u003e\n\t\t\t\t\t\u003cspan class=\"value\"\u003eMumbai Warehouse\u003c/span\u003e\n\t\t\t\t\u003c/div\u003e\n\t\t\t\t\u003cdiv class=\"location-row\"\u003e\n\t\t\t\t\t\u003cspan class=\"label\"\u003eAddress:\u003c/span\u003e\n\t\t\t\t\t\u003cspan class=\"value\"\u003e501, Lotus Residency, SV Road, Sion West, Mumbai, Maharashtra 400022\u003cbr\u003eMumbai, Maharashtra - 400022\u003c/span\u003e\n\t\t\t\t\u003c/div\u003e\n\t\t\t\t\u003cdiv class=\"location-row\"\u003e\n\t\t\t\t\t\u003cspan class=\"label\"\u003eContact:\u003c/span\u003e\n\t\t\t\t\t\u003cspan class=\"value\"\u003e8104561330\u003c/span\u003e\n\t\t\t\t\u003c/div\u003e\n\t\t\t\t\u003cdiv class=\"location-row\"\u003e\n\t\t\t\t\t\u003cspan class=\"label\"\u003eEmail:\u003c/span\u003e\n\t\t\t\t\t\u003cspan class=\"value\"\u003eomkar.kamble@openleaf.tech\u003c/span\u003e\n\t\t\t\t\u003c/div\u003e\n\t\t\t\u003c/div\u003e\n\t\n\t\t\t\u003cdiv class=\"location-section\"\u003e\n\t\t\t\t\u003cdiv class=\"location-title\"\u003ePickup Address\u003c/div\u003e\n\t\t\t\t\u003cdiv class=\"location-row\"\u003e\n\t\t\t\t\t\u003cspan class=\"label\"\u003eName:\u003c/span\u003e\n\t\t\t\t\t\u003cspan class=\"value\"\u003eMARS Cosmetics Pvt Ltd (MARSS)-302306\u003c/span\u003e\n\t\t\t\t\u003c/div\u003e\n\t\t\t\t\u003cdiv class=\"location-row\"\u003e\n\t\t\t\t\t\u003cspan class=\"label\"\u003eAddress:\u003c/span\u003e\n\t\t\t\t\t\u003cspan class=\"value\"\u003e3/36 2nd Floor Roop Nagar, Delhi\u003cbr\u003eDelhi, Delhi - 110007\u003c/span\u003e\n\t\t\t\t\u003c/div\u003e\n\t\t\t\t\u003cdiv class=\"location-row\"\u003e\n\t\t\t\t\t\u003cspan class=\"label\"\u003eContact:\u003c/span\u003e\n\t\t\t\t\t\u003cspan class=\"value\"\u003e\u003c/span\u003e\n\t\t\t\t\u003c/div\u003e\n\t\t\t\t\u003cdiv class=\"location-row\"\u003e\n\t\t\t\t\t\u003cspan class=\"label\"\u003eEmail:\u003c/span\u003e\n\t\t\t\t\t\u003cspan class=\"value\"\u003e\u003c/span\u003e\n\t\t\t\t\u003c/div\u003e\n\t\t\t\u003c/div\u003e\n\t\n\t\t\t\u003cdiv class=\"footer\"\u003e\n\t\t\t\t\u003cp\u003e\u003cstrong\u003eBest regards,\u003c/strong\u003e\u003cbr\u003eOpenleaf Team\u003c/p\u003e\n\t\t\t\u003c/div\u003e\n\t\t\u003c/body\u003e\n\t\t\u003c/html\u003e",
      "cc": [
        "omkar@openleaf.tech",
        "nikhil@openleaf.tech",
        "sahil@openleaf.tech"
      ],
      "error": "gomail: could not send email 1: open https://b2b-openleaf-bucket-1.s3.ap-south-1.amazonaws.com/order-documents/bb35c674-9117-4453-bb14-2ac1bd3441c7--purchase-order---0c344c40-99b3-4cd5-9497-88826edd3636--purchase-order---PODetails_NHO1356502_152145.pdf: The filename, directory name, or volume label syntax is incorrect.",
      "files": [
        "https://b2b-openleaf-bucket-1.s3.ap-south-1.amazonaws.com/order-documents/bb35c674-9117-4453-bb14-2ac1bd3441c7--purchase-order---0c344c40-99b3-4cd5-9497-88826edd3636--purchase-order---PODetails_NHO1356502_152145.pdf"
      ],
      "from": "b2b@openleaf.tech",
      "isHTML": true,
      "subject": "Delivery Scheduled for LR 498027 on 30 Aug 2025",
      "to": [
        "omkarkamble.work@gmail.com"
      ]
    }
  },
  "msg": "failed to send email",
  "time": "01-09-2025 14:17:43"
}
{
  "level": "error",
  "log_data": {
    "filename": "D:/Openleaf/Openleaf-Dev-B2B-Notification-Server/workers/carrier/appointmentEmail.go:275",
    "log_data": {
      "error": "failed to send email: gomail: could not send email 1: open https://b2b-openleaf-bucket-1.s3.ap-south-1.amazonaws.com/order-documents/bb35c674-9117-4453-bb14-2ac1bd3441c7--purchase-order---0c344c40-99b3-4cd5-9497-88826edd3636--purchase-order---PODetails_NHO1356502_152145.pdf: The filename, directory name, or volume label syntax is incorrect."
    }
  },
  "msg": "[worker] failed to send appointment email",
  "time": "01-09-2025 14:17:43"
}
{
  "level": "error",
  "log_data": {
    "filename": "D:/Openleaf/Openleaf-Dev-B2B-Notification-Server/helpers/email.go:92",
    "log_data": {
      "body": "\u003chtml\u003e\n\t\t\u003chead\u003e\n\t\t\t\u003cstyle\u003e\n\t\t\t\tbody { font-family: Arial, sans-serif; color: #333; line-height: 1.5; margin: 0; padding: 20px; }\n\t\t\t\t.order-details { margin: 20px 0; }\n\t\t\t\t.details-row { margin-bottom: 8px; }\n\t\t\t\t.label { font-weight: bold; display: inline; }\n\t\t\t\t.value { display: inline; margin-left: 5px; }\n\t\t\t\t.carton-table { width: 100%; border-collapse: collapse; font-size: 14px; margin-top: 10px; }\n\t\t\t\t.carton-table th, .carton-table td { border: 1px solid #ddd; padding: 8px; text-align: left; }\n\t\t\t\t.carton-table th { background: #f5f5f5; font-weight: bold; }\n\t\t\t\t.location-section { margin: 20px 0; }\n\t\t\t\t.location-title { font-weight: bold; margin-bottom: 8px; }\n\t\t\t\t.location-row { margin-bottom: 6px; font-size: 14px; }\n\t\t\t\t.footer { margin-top: 30px; }\n\t\t\t\u003c/style\u003e\n\t\t\u003c/head\u003e\n\t\t\u003cbody\u003e\n\t\t\t\u003cp\u003eHello TestCarrier Team,\u003c/p\u003e\n\t\t\t\u003cp\u003eThis is to inform you about the delivery schedule for the following order:\u003c/p\u003e\n\n\t\t\t\u003cdiv class=\"order-details\"\u003e\n\t\t\t\t\u003cdiv class=\"details-row\"\u003e\n\t\t\t\t\t\u003cspan class=\"label\"\u003eLR Number:\u003c/span\u003e\n\t\t\t\t\t\u003cspan class=\"value\"\u003e498027\u003c/span\u003e\n\t\t\t\t\u003c/div\u003e\n\t\t\t\t\u003cdiv class=\"details-row\"\u003e\n\t\t\t\t\t\u003cspan class=\"label\"\u003ePO Number:\u003c/span\u003e\n\t\t\t\t\t\u003cspan class=\"value\"\u003eNHO1356502\u003c/span\u003e\n\t\t\t\t\u003c/div\u003e\n\t\t\t\t\u003cdiv class=\"details-row\"\u003e\n\t\t\t\t\t\u003cspan class=\"label\"\u003eMaster Waybills:\u003c/span\u003e\n\t\t\t\t\t\u003cspan class=\"value\"\u003eMWB503723\u003c/span\u003e\n\t\t\t\t\u003c/div\u003e\n\t\t\t\t\u003cdiv class=\"details-row\"\u003e\n\t\t\t\t\t\u003cspan class=\"label\"\u003eChild Waybills:\u003c/span\u003e\n\t\t\t\t\t\u003cspan class=\"value\"\u003eWB502374\u003c/span\u003e\n\t\t\t\t\u003c/div\u003e\n\t\t\t\t\u003cdiv class=\"details-row\"\u003e\n\t\t\t\t\t\u003cspan class=\"label\"\u003eDelivery Schedule:\u003c/span\u003e\n\t\t\t\t\t\u003cspan class=\"value\"\u003e30 Aug 2025 11:21\u003c/span\u003e\n\t\t\t\t\u003c/div\u003e\n\t\t\t\t\u003cdiv class=\"details-row\"\u003e\n\t\t\t\t\t\u003cspan class=\"label\"\u003eTotal Cartons:\u003c/span\u003e\n\t\t\t\t\t\u003cspan class=\"value\"\u003e2\u003c/span\u003e\n\t\t\t\t\u003c/div\u003e\n\t\t\t\t\u003cdiv class=\"details-row\"\u003e\n\t\t\t\t\t\u003cspan class=\"label\"\u003eTotal Weight:\u003c/span\u003e\n\t\t\t\t\t\u003cspan class=\"value\"\u003e50000.00 KG\u003c/span\u003e\n\t\t\t\t\u003c/div\u003e\n\t\t\t\u003c/div\u003e\n\t\n\t\t\t\u003cdiv class=\"order-details\"\u003e\n\t\t\t\t\u003cdiv class=\"location-title\"\u003eCarton Details\u003c/div\u003e\n\t\t\t\t\u003ctable class=\"carton-table\"\u003e\n\t\t\t\t\t\u003ctr\u003e\n\t\t\t\t\t\t\u003cth\u003eCarton\u003c/th\u003e\n\t\t\t\t\t\t\u003cth\u003eDimensions (L x B x H)\u003c/th\u003e\n\t\t\t\t\t\t\u003cth\u003eQuantity\u003c/th\u003e\n\t\t\t\t\t\t\u003cth\u003eWeight\u003c/th\u003e\n\t\t\t\t\t\u003c/tr\u003e\n\t\t\t\t\t\u003ctr\u003e\u003ctd\u003e1\u003c/td\u003e\u003ctd\u003e1000.00 x 1000.00 x 1000.00 cm\u003c/td\u003e\u003ctd\u003e2\u003c/td\u003e\u003ctd\u003e50000.00 KG\u003c/td\u003e\u003c/tr\u003e\u003ctr\u003e\u003ctd\u003e2\u003c/td\u003e\u003ctd\u003e2000.00 x 2000.00 x 2000.00 cm\u003c/td\u003e\u003ctd\u003e2\u003c/td\u003e\u003ctd\u003e20000.00 KG\u003c/td\u003e\u003c/tr\u003e\n\t\t\t\t\u003c/table\u003e\n\t\t\t\u003c/div\u003e\n\t\n\t\t\t\u003cdiv class=\"location-section\"\u003e\n\t\t\t\t\u003cdiv class=\"location-title\"\u003eDelivery Address\u003c/div\u003e\n\t\t\t\t\u003cdiv class=\"location-row\"\u003e\n\t\t\t\t\t\u003cspan class=\"label\"\u003eName:\u003c/span\u003e\n\t\t\t\t\t\u003cspan class=\"value\"\u003eMumbai Warehouse\u003c/span\u003e\n\t\t\t\t\u003c/div\u003e\n\t\t\t\t\u003cdiv class=\"location-row\"\u003e\n\t\t\t\t\t\u003cspan class=\"label\"\u003eAddress:\u003c/span\u003e\n\t\t\t\t\t\u003cspan class=\"value\"\u003e501, Lotus Residency, SV Road, Sion West, Mumbai, Maharashtra 400022\u003cbr\u003eMumbai, Maharashtra - 400022\u003c/span\u003e\n\t\t\t\t\u003c/div\u003e\n\t\t\t\t\u003cdiv class=\"location-row\"\u003e\n\t\t\t\t\t\u003cspan class=\"label\"\u003eContact:\u003c/span\u003e\n\t\t\t\t\t\u003cspan class=\"value\"\u003e8104561330\u003c/span\u003e\n\t\t\t\t\u003c/div\u003e\n\t\t\t\t\u003cdiv class=\"location-row\"\u003e\n\t\t\t\t\t\u003cspan class=\"label\"\u003eEmail:\u003c/span\u003e\n\t\t\t\t\t\u003cspan class=\"value\"\u003eomkar.kamble@openleaf.tech\u003c/span\u003e\n\t\t\t\t\u003c/div\u003e\n\t\t\t\u003c/div\u003e\n\t\n\t\t\t\u003cdiv class=\"location-section\"\u003e\n\t\t\t\t\u003cdiv class=\"location-title\"\u003ePickup Address\u003c/div\u003e\n\t\t\t\t\u003cdiv class=\"location-row\"\u003e\n\t\t\t\t\t\u003cspan class=\"label\"\u003eName:\u003c/span\u003e\n\t\t\t\t\t\u003cspan class=\"value\"\u003eMARS Cosmetics Pvt Ltd (MARSS)-302306\u003c/span\u003e\n\t\t\t\t\u003c/div\u003e\n\t\t\t\t\u003cdiv class=\"location-row\"\u003e\n\t\t\t\t\t\u003cspan class=\"label\"\u003eAddress:\u003c/span\u003e\n\t\t\t\t\t\u003cspan class=\"value\"\u003e3/36 2nd Floor Roop Nagar, Delhi\u003cbr\u003eDelhi, Delhi - 110007\u003c/span\u003e\n\t\t\t\t\u003c/div\u003e\n\t\t\t\t\u003cdiv class=\"location-row\"\u003e\n\t\t\t\t\t\u003cspan class=\"label\"\u003eContact:\u003c/span\u003e\n\t\t\t\t\t\u003cspan class=\"value\"\u003e\u003c/span\u003e\n\t\t\t\t\u003c/div\u003e\n\t\t\t\t\u003cdiv class=\"location-row\"\u003e\n\t\t\t\t\t\u003cspan class=\"label\"\u003eEmail:\u003c/span\u003e\n\t\t\t\t\t\u003cspan class=\"value\"\u003e\u003c/span\u003e\n\t\t\t\t\u003c/div\u003e\n\t\t\t\u003c/div\u003e\n\t\n\t\t\t\u003cdiv class=\"footer\"\u003e\n\t\t\t\t\u003cp\u003e\u003cstrong\u003eBest regards,\u003c/strong\u003e\u003cbr\u003eOpenleaf Team\u003c/p\u003e\n\t\t\t\u003c/div\u003e\n\t\t\u003c/body\u003e\n\t\t\u003c/html\u003e",
      "cc": [
        "omkar@openleaf.tech",
        "nikhil@openleaf.tech",
        "sahil@openleaf.tech"
      ],
      "error": "gomail: could not send email 1: open https://b2b-openleaf-bucket-1.s3.ap-south-1.amazonaws.com/order-documents/bb35c674-9117-4453-bb14-2ac1bd3441c7--purchase-order---0c344c40-99b3-4cd5-9497-88826edd3636--purchase-order---PODetails_NHO1356502_152145.pdf: The filename, directory name, or volume label syntax is incorrect.",
      "files": [
        "https://b2b-openleaf-bucket-1.s3.ap-south-1.amazonaws.com/order-documents/bb35c674-9117-4453-bb14-2ac1bd3441c7--purchase-order---0c344c40-99b3-4cd5-9497-88826edd3636--purchase-order---PODetails_NHO1356502_152145.pdf"
      ],
      "from": "b2b@openleaf.tech",
      "isHTML": true,
      "subject": "Delivery Scheduled for LR 498027 on 30 Aug 2025",
      "to": [
        "omkarkamble.work@gmail.com"
      ]
    }
  },
  "msg": "failed to send email",
  "time": "01-09-2025 14:21:09"
}
{
  "level": "error",
  "log_data": {
    "filename": "D:/Openleaf/Openleaf-Dev-B2B-Notification-Server/workers/carrier/appointmentEmail.go:274",
    "log_data": {
      "error": "failed to send email: gomail: could not send email 1: open https://b2b-openleaf-bucket-1.s3.ap-south-1.amazonaws.com/order-documents/bb35c674-9117-4453-bb14-2ac1bd3441c7--purchase-order---0c344c40-99b3-4cd5-9497-88826edd3636--purchase-order---PODetails_NHO1356502_152145.pdf: The filename, directory name, or volume label syntax is incorrect."
    }
  },
  "msg": "[worker] failed to send appointment email",
  "time": "01-09-2025 14:21:09"
}
{
  "level": "error",
  "log_data": {
    "filename": "D:/Openleaf/Openleaf-Dev-B2B-Notification-Server/helpers/email.go:92",
    "log_data": {
      "body": "\u003chtml\u003e\n\t\t\u003chead\u003e\n\t\t\t\u003cstyle\u003e\n\t\t\t\tbody { font-family: Arial, sans-serif; color: #333; line-height: 1.5; margin: 0; padding: 20px; }\n\t\t\t\t.order-details { margin: 20px 0; }\n\t\t\t\t.details-row { margin-bottom: 8px; }\n\t\t\t\t.label { font-weight: bold; display: inline; }\n\t\t\t\t.value { display: inline; margin-left: 5px; }\n\t\t\t\t.carton-table { width: 100%; border-collapse: collapse; font-size: 14px; margin-top: 10px; }\n\t\t\t\t.carton-table th, .carton-table td { border: 1px solid #ddd; padding: 8px; text-align: left; }\n\t\t\t\t.carton-table th { background: #f5f5f5; font-weight: bold; }\n\t\t\t\t.location-section { margin: 20px 0; }\n\t\t\t\t.location-title { font-weight: bold; margin-bottom: 8px; }\n\t\t\t\t.location-row { margin-bottom: 6px; font-size: 14px; }\n\t\t\t\t.footer { margin-top: 30px; }\n\t\t\t\u003c/style\u003e\n\t\t\u003c/head\u003e\n\t\t\u003cbody\u003e\n\t\t\t\u003cp\u003eHello TestCarrier Team,\u003c/p\u003e\n\t\t\t\u003cp\u003eThis is to inform you about the delivery schedule for the following order:\u003c/p\u003e\n\n\t\t\t\u003cdiv class=\"order-details\"\u003e\n\t\t\t\t\u003cdiv class=\"details-row\"\u003e\n\t\t\t\t\t\u003cspan class=\"label\"\u003eLR Number:\u003c/span\u003e\n\t\t\t\t\t\u003cspan class=\"value\"\u003e498027\u003c/span\u003e\n\t\t\t\t\u003c/div\u003e\n\t\t\t\t\u003cdiv class=\"details-row\"\u003e\n\t\t\t\t\t\u003cspan class=\"label\"\u003ePO Number:\u003c/span\u003e\n\t\t\t\t\t\u003cspan class=\"value\"\u003eNHO1356502\u003c/span\u003e\n\t\t\t\t\u003c/div\u003e\n\t\t\t\t\u003cdiv class=\"details-row\"\u003e\n\t\t\t\t\t\u003cspan class=\"label\"\u003eMaster Waybills:\u003c/span\u003e\n\t\t\t\t\t\u003cspan class=\"value\"\u003eMWB503723\u003c/span\u003e\n\t\t\t\t\u003c/div\u003e\n\t\t\t\t\u003cdiv class=\"details-row\"\u003e\n\t\t\t\t\t\u003cspan class=\"label\"\u003eChild Waybills:\u003c/span\u003e\n\t\t\t\t\t\u003cspan class=\"value\"\u003eWB502374\u003c/span\u003e\n\t\t\t\t\u003c/div\u003e\n\t\t\t\t\u003cdiv class=\"details-row\"\u003e\n\t\t\t\t\t\u003cspan class=\"label\"\u003eDelivery Schedule:\u003c/span\u003e\n\t\t\t\t\t\u003cspan class=\"value\"\u003e30 Aug 2025 11:21 AM\u003c/span\u003e\n\t\t\t\t\u003c/div\u003e\n\t\t\t\t\u003cdiv class=\"details-row\"\u003e\n\t\t\t\t\t\u003cspan class=\"label\"\u003eTotal Cartons:\u003c/span\u003e\n\t\t\t\t\t\u003cspan class=\"value\"\u003e2\u003c/span\u003e\n\t\t\t\t\u003c/div\u003e\n\t\t\t\t\u003cdiv class=\"details-row\"\u003e\n\t\t\t\t\t\u003cspan class=\"label\"\u003eTotal Weight:\u003c/span\u003e\n\t\t\t\t\t\u003cspan class=\"value\"\u003e50000.00 KG\u003c/span\u003e\n\t\t\t\t\u003c/div\u003e\n\t\t\t\u003c/div\u003e\n\t\n\t\t\t\u003cdiv class=\"order-details\"\u003e\n\t\t\t\t\u003cdiv class=\"location-title\"\u003eCarton Details\u003c/div\u003e\n\t\t\t\t\u003ctable class=\"carton-table\"\u003e\n\t\t\t\t\t\u003ctr\u003e\n\t\t\t\t\t\t\u003cth\u003eCarton\u003c/th\u003e\n\t\t\t\t\t\t\u003cth\u003eDimensions (L x B x H)\u003c/th\u003e\n\t\t\t\t\t\t\u003cth\u003eQuantity\u003c/th\u003e\n\t\t\t\t\t\t\u003cth\u003eWeight\u003c/th\u003e\n\t\t\t\t\t\u003c/tr\u003e\n\t\t\t\t\t\u003ctr\u003e\u003ctd\u003e1\u003c/td\u003e\u003ctd\u003e393.70 x 393.70 x 393.70 cm\u003c/td\u003e\u003ctd\u003e2\u003c/td\u003e\u003ctd\u003e50000.00 KG\u003c/td\u003e\u003c/tr\u003e\u003ctr\u003e\u003ctd\u003e2\u003c/td\u003e\u003ctd\u003e787.40 x 787.40 x 787.40 cm\u003c/td\u003e\u003ctd\u003e2\u003c/td\u003e\u003ctd\u003e20000.00 KG\u003c/td\u003e\u003c/tr\u003e\n\t\t\t\t\u003c/table\u003e\n\t\t\t\u003c/div\u003e\n\t\n\t\t\t\u003cdiv class=\"location-section\"\u003e\n\t\t\t\t\u003cdiv class=\"location-title\"\u003eDelivery Address\u003c/div\u003e\n\t\t\t\t\u003cdiv class=\"location-row\"\u003e\n\t\t\t\t\t\u003cspan class=\"label\"\u003eName:\u003c/span\u003e\n\t\t\t\t\t\u003cspan class=\"value\"\u003eMumbai Warehouse\u003c/span\u003e\n\t\t\t\t\u003c/div\u003e\n\t\t\t\t\u003cdiv class=\"location-row\"\u003e\n\t\t\t\t\t\u003cspan class=\"label\"\u003eAddress:\u003c/span\u003e\n\t\t\t\t\t\u003cspan class=\"value\"\u003e501, Lotus Residency, SV Road, Sion West, Mumbai, Maharashtra 400022\u003cbr\u003eMumbai, Maharashtra - 400022\u003c/span\u003e\n\t\t\t\t\u003c/div\u003e\n\t\t\t\t\u003cdiv class=\"location-row\"\u003e\n\t\t\t\t\t\u003cspan class=\"label\"\u003eContact:\u003c/span\u003e\n\t\t\t\t\t\u003cspan class=\"value\"\u003e8104561330\u003c/span\u003e\n\t\t\t\t\u003c/div\u003e\n\t\t\t\t\u003cdiv class=\"location-row\"\u003e\n\t\t\t\t\t\u003cspan class=\"label\"\u003eEmail:\u003c/span\u003e\n\t\t\t\t\t\u003cspan class=\"value\"\u003eomkar.kamble@openleaf.tech\u003c/span\u003e\n\t\t\t\t\u003c/div\u003e\n\t\t\t\u003c/div\u003e\n\t\n\t\t\t\u003cdiv class=\"location-section\"\u003e\n\t\t\t\t\u003cdiv class=\"location-title\"\u003ePickup Address\u003c/div\u003e\n\t\t\t\t\u003cdiv class=\"location-row\"\u003e\n\t\t\t\t\t\u003cspan class=\"label\"\u003eName:\u003c/span\u003e\n\t\t\t\t\t\u003cspan class=\"value\"\u003eMARS Cosmetics Pvt Ltd (MARSS)-302306\u003c/span\u003e\n\t\t\t\t\u003c/div\u003e\n\t\t\t\t\u003cdiv class=\"location-row\"\u003e\n\t\t\t\t\t\u003cspan class=\"label\"\u003eAddress:\u003c/span\u003e\n\t\t\t\t\t\u003cspan class=\"value\"\u003e3/36 2nd Floor Roop Nagar, Delhi\u003cbr\u003eDelhi, Delhi - 110007\u003c/span\u003e\n\t\t\t\t\u003c/div\u003e\n\t\t\t\t\u003cdiv class=\"location-row\"\u003e\n\t\t\t\t\t\u003cspan class=\"label\"\u003eContact:\u003c/span\u003e\n\t\t\t\t\t\u003cspan class=\"value\"\u003e\u003c/span\u003e\n\t\t\t\t\u003c/div\u003e\n\t\t\t\t\u003cdiv class=\"location-row\"\u003e\n\t\t\t\t\t\u003cspan class=\"label\"\u003eEmail:\u003c/span\u003e\n\t\t\t\t\t\u003cspan class=\"value\"\u003e\u003c/span\u003e\n\t\t\t\t\u003c/div\u003e\n\t\t\t\u003c/div\u003e\n\t\n\t\t\t\u003cdiv class=\"footer\"\u003e\n\t\t\t\t\u003cp\u003e\u003cstrong\u003eBest regards,\u003c/strong\u003e\u003cbr\u003eOpenleaf Team\u003c/p\u003e\n\t\t\t\u003c/div\u003e\n\t\t\u003c/body\u003e\n\t\t\u003c/html\u003e",
      "cc": [
        "omkar@openleaf.tech",
        "nikhil@openleaf.tech",
        "sahil@openleaf.tech"
      ],
      "error": "gomail: could not send email 1: open https://b2b-openleaf-bucket-1.s3.ap-south-1.amazonaws.com/order-documents/bb35c674-9117-4453-bb14-2ac1bd3441c7--purchase-order---0c344c40-99b3-4cd5-9497-88826edd3636--purchase-order---PODetails_NHO1356502_152145.pdf: The filename, directory name, or volume label syntax is incorrect.",
      "files": [
        "https://b2b-openleaf-bucket-1.s3.ap-south-1.amazonaws.com/order-documents/bb35c674-9117-4453-bb14-2ac1bd3441c7--purchase-order---0c344c40-99b3-4cd5-9497-88826edd3636--purchase-order---PODetails_NHO1356502_152145.pdf"
      ],
      "from": "b2b@openleaf.tech",
      "isHTML": true,
      "subject": "Delivery Scheduled for LR 498027 on 30 Aug 2025",
      "to": [
        "omkarkamble.work@gmail.com"
      ]
    }
  },
  "msg": "failed to send email",
  "time": "01-09-2025 14:34:35"
}
{
  "level": "error",
  "log_data": {
    "filename": "D:/Openleaf/Openleaf-Dev-B2B-Notification-Server/workers/carrier/appointmentEmail.go:274",
    "log_data": {
      "error": "failed to send email: gomail: could not send email 1: open https://b2b-openleaf-bucket-1.s3.ap-south-1.amazonaws.com/order-documents/bb35c674-9117-4453-bb14-2ac1bd3441c7--purchase-order---0c344c40-99b3-4cd5-9497-88826edd3636--purchase-order---PODetails_NHO1356502_152145.pdf: The filename, directory name, or volume label syntax is incorrect."
    }
  },
  "msg": "[worker] failed to send appointment email",
  "time": "01-09-2025 14:34:35"
}
{
  "level": "error",
  "log_data": {
    "filename": "D:/Openleaf/Openleaf-Dev-B2B-Notification-Server/helpers/email.go:92",
    "log_data": {
      "body": "\u003chtml\u003e\n\t\t\u003chead\u003e\n\t\t\t\u003cstyle\u003e\n\t\t\t\tbody { font-family: Arial, sans-serif; color: #333; line-height: 1.5; margin: 0; padding: 20px; }\n\t\t\t\t.order-details { margin: 20px 0; }\n\t\t\t\t.details-row { margin-bottom: 8px; }\n\t\t\t\t.label { font-weight: bold; display: inline; }\n\t\t\t\t.value { display: inline; margin-left: 5px; }\n\t\t\t\t.carton-table { width: 100%; border-collapse: collapse; font-size: 14px; margin-top: 10px; }\n\t\t\t\t.carton-table th, .carton-table td { border: 1px solid #ddd; padding: 8px; text-align: left; }\n\t\t\t\t.carton-table th { background: #f5f5f5; font-weight: bold; }\n\t\t\t\t.location-section { margin: 20px 0; }\n\t\t\t\t.location-title { font-weight: bold; margin-bottom: 8px; }\n\t\t\t\t.location-row { margin-bottom: 6px; font-size: 14px; }\n\t\t\t\t.footer { margin-top: 30px; }\n\t\t\t\u003c/style\u003e\n\t\t\u003c/head\u003e\n\t\t\u003cbody\u003e\n\t\t\t\u003cp\u003eHello TestCarrier Team,\u003c/p\u003e\n\t\t\t\u003cp\u003eThis is to inform you about the delivery schedule for the following order:\u003c/p\u003e\n\n\t\t\t\u003cdiv class=\"order-details\"\u003e\n\t\t\t\t\u003cdiv class=\"details-row\"\u003e\n\t\t\t\t\t\u003cspan class=\"label\"\u003eLR Number:\u003c/span\u003e\n\t\t\t\t\t\u003cspan class=\"value\"\u003e498027\u003c/span\u003e\n\t\t\t\t\u003c/div\u003e\n\t\t\t\t\u003cdiv class=\"details-row\"\u003e\n\t\t\t\t\t\u003cspan class=\"label\"\u003ePO Number:\u003c/span\u003e\n\t\t\t\t\t\u003cspan class=\"value\"\u003eNHO1356502\u003c/span\u003e\n\t\t\t\t\u003c/div\u003e\n\t\t\t\t\u003cdiv class=\"details-row\"\u003e\n\t\t\t\t\t\u003cspan class=\"label\"\u003eMaster Waybills:\u003c/span\u003e\n\t\t\t\t\t\u003cspan class=\"value\"\u003eMWB503723\u003c/span\u003e\n\t\t\t\t\u003c/div\u003e\n\t\t\t\t\u003cdiv class=\"details-row\"\u003e\n\t\t\t\t\t\u003cspan class=\"label\"\u003eChild Waybills:\u003c/span\u003e\n\t\t\t\t\t\u003cspan class=\"value\"\u003eWB502374\u003c/span\u003e\n\t\t\t\t\u003c/div\u003e\n\t\t\t\t\u003cdiv class=\"details-row\"\u003e\n\t\t\t\t\t\u003cspan class=\"label\"\u003eDelivery Schedule:\u003c/span\u003e\n\t\t\t\t\t\u003cspan class=\"value\"\u003e30 Aug 2025 11:21 AM\u003c/span\u003e\n\t\t\t\t\u003c/div\u003e\n\t\t\t\t\u003cdiv class=\"details-row\"\u003e\n\t\t\t\t\t\u003cspan class=\"label\"\u003eTotal Cartons:\u003c/span\u003e\n\t\t\t\t\t\u003cspan class=\"value\"\u003e2\u003c/span\u003e\n\t\t\t\t\u003c/div\u003e\n\t\t\t\t\u003cdiv class=\"details-row\"\u003e\n\t\t\t\t\t\u003cspan class=\"label\"\u003eTotal Weight:\u003c/span\u003e\n\t\t\t\t\t\u003cspan class=\"value\"\u003e50000.00 KG\u003c/span\u003e\n\t\t\t\t\u003c/div\u003e\n\t\t\t\u003c/div\u003e\n\t\n\t\t\t\u003cdiv class=\"order-details\"\u003e\n\t\t\t\t\u003cdiv class=\"location-title\"\u003eCarton Details\u003c/div\u003e\n\t\t\t\t\u003ctable class=\"carton-table\"\u003e\n\t\t\t\t\t\u003ctr\u003e\n\t\t\t\t\t\t\u003cth\u003eCarton\u003c/th\u003e\n\t\t\t\t\t\t\u003cth\u003eDimensions (L x B x H)\u003c/th\u003e\n\t\t\t\t\t\t\u003cth\u003eQuantity\u003c/th\u003e\n\t\t\t\t\t\t\u003cth\u003eWeight\u003c/th\u003e\n\t\t\t\t\t\u003c/tr\u003e\n\t\t\t\t\t\u003ctr\u003e\u003ctd\u003e1\u003c/td\u003e\u003ctd\u003e393.70 x 393.70 x 393.70 Inch\u003c/td\u003e\u003ctd\u003e2\u003c/td\u003e\u003ctd\u003e50000.00 KG\u003c/td\u003e\u003c/tr\u003e\u003ctr\u003e\u003ctd\u003e2\u003c/td\u003e\u003ctd\u003e787.40 x 787.40 x 787.40 Inch\u003c/td\u003e\u003ctd\u003e2\u003c/td\u003e\u003ctd\u003e20000.00 KG\u003c/td\u003e\u003c/tr\u003e\n\t\t\t\t\u003c/table\u003e\n\t\t\t\u003c/div\u003e\n\t\n\t\t\t\u003cdiv class=\"location-section\"\u003e\n\t\t\t\t\u003cdiv class=\"location-title\"\u003eDelivery Address\u003c/div\u003e\n\t\t\t\t\u003cdiv class=\"location-row\"\u003e\n\t\t\t\t\t\u003cspan class=\"label\"\u003eName:\u003c/span\u003e\n\t\t\t\t\t\u003cspan class=\"value\"\u003eMumbai Warehouse\u003c/span\u003e\n\t\t\t\t\u003c/div\u003e\n\t\t\t\t\u003cdiv class=\"location-row\"\u003e\n\t\t\t\t\t\u003cspan class=\"label\"\u003eAddress:\u003c/span\u003e\n\t\t\t\t\t\u003cspan class=\"value\"\u003e501, Lotus Residency, SV Road, Sion West, Mumbai, Maharashtra 400022\u003cbr\u003eMumbai, Maharashtra - 400022\u003c/span\u003e\n\t\t\t\t\u003c/div\u003e\n\t\t\t\t\u003cdiv class=\"location-row\"\u003e\n\t\t\t\t\t\u003cspan class=\"label\"\u003eContact:\u003c/span\u003e\n\t\t\t\t\t\u003cspan class=\"value\"\u003e8104561330\u003c/span\u003e\n\t\t\t\t\u003c/div\u003e\n\t\t\t\t\u003cdiv class=\"location-row\"\u003e\n\t\t\t\t\t\u003cspan class=\"label\"\u003eEmail:\u003c/span\u003e\n\t\t\t\t\t\u003cspan class=\"value\"\u003eomkar.kamble@openleaf.tech\u003c/span\u003e\n\t\t\t\t\u003c/div\u003e\n\t\t\t\u003c/div\u003e\n\t\n\t\t\t\u003cdiv class=\"location-section\"\u003e\n\t\t\t\t\u003cdiv class=\"location-title\"\u003ePickup Address\u003c/div\u003e\n\t\t\t\t\u003cdiv class=\"location-row\"\u003e\n\t\t\t\t\t\u003cspan class=\"label\"\u003eName:\u003c/span\u003e\n\t\t\t\t\t\u003cspan class=\"value\"\u003eMARS Cosmetics Pvt Ltd (MARSS)-302306\u003c/span\u003e\n\t\t\t\t\u003c/div\u003e\n\t\t\t\t\u003cdiv class=\"location-row\"\u003e\n\t\t\t\t\t\u003cspan class=\"label\"\u003eAddress:\u003c/span\u003e\n\t\t\t\t\t\u003cspan class=\"value\"\u003e3/36 2nd Floor Roop Nagar, Delhi\u003cbr\u003eDelhi, Delhi - 110007\u003c/span\u003e\n\t\t\t\t\u003c/div\u003e\n\t\t\t\t\u003cdiv class=\"location-row\"\u003e\n\t\t\t\t\t\u003cspan class=\"label\"\u003eContact:\u003c/span\u003e\n\t\t\t\t\t\u003cspan class=\"value\"\u003e\u003c/span\u003e\n\t\t\t\t\u003c/div\u003e\n\t\t\t\t\u003cdiv class=\"location-row\"\u003e\n\t\t\t\t\t\u003cspan class=\"label\"\u003eEmail:\u003c/span\u003e\n\t\t\t\t\t\u003cspan class=\"value\"\u003e\u003c/span\u003e\n\t\t\t\t\u003c/div\u003e\n\t\t\t\u003c/div\u003e\n\t\n\t\t\t\u003cdiv class=\"footer\"\u003e\n\t\t\t\t\u003cp\u003e\u003cstrong\u003eBest regards,\u003c/strong\u003e\u003cbr\u003eOpenleaf Team\u003c/p\u003e\n\t\t\t\u003c/div\u003e\n\t\t\u003c/body\u003e\n\t\t\u003c/html\u003e",
      "cc": [
        "omkar@openleaf.tech",
        "nikhil@openleaf.tech",
        "sahil@openleaf.tech"
      ],
      "error": "gomail: could not send email 1: open https://b2b-openleaf-bucket-1.s3.ap-south-1.amazonaws.com/order-documents/bb35c674-9117-4453-bb14-2ac1bd3441c7--purchase-order---0c344c40-99b3-4cd5-9497-88826edd3636--purchase-order---PODetails_NHO1356502_152145.pdf: The filename, directory name, or volume label syntax is incorrect.",
      "files": [
        "https://b2b-openleaf-bucket-1.s3.ap-south-1.amazonaws.com/order-documents/bb35c674-9117-4453-bb14-2ac1bd3441c7--purchase-order---0c344c40-99b3-4cd5-9497-88826edd3636--purchase-order---PODetails_NHO1356502_152145.pdf"
      ],
      "from": "b2b@openleaf.tech",
      "isHTML": true,
      "subject": "Delivery Scheduled for LR 498027 on 30 Aug 2025",
      "to": [
        "omkarkamble.work@gmail.com"
      ]
    }
  },
  "msg": "failed to send email",
  "time": "01-09-2025 14:36:03"
}
{
  "level": "error",
  "log_data": {
    "filename": "D:/Openleaf/Openleaf-Dev-B2B-Notification-Server/workers/carrier/appointmentEmail.go:274",
    "log_data": {
      "error": "failed to send email: gomail: could not send email 1: open https://b2b-openleaf-bucket-1.s3.ap-south-1.amazonaws.com/order-documents/bb35c674-9117-4453-bb14-2ac1bd3441c7--purchase-order---0c344c40-99b3-4cd5-9497-88826edd3636--purchase-order---PODetails_NHO1356502_152145.pdf: The filename, directory name, or volume label syntax is incorrect."
    }
  },
  "msg": "[worker] failed to send appointment email",
  "time": "01-09-2025 14:36:03"
}
{
  "level": "error",
  "log_data": {
    "filename": "D:/Openleaf/Openleaf-Dev-B2B-Notification-Server/helpers/email.go:92",
    "log_data": {
      "body": "\u003chtml\u003e\n\t\t\u003chead\u003e\n\t\t\t\u003cstyle\u003e\n\t\t\t\tbody { font-family: Arial, sans-serif; color: #333; line-height: 1.5; margin: 0; padding: 20px; }\n\t\t\t\t.order-details { margin: 20px 0; }\n\t\t\t\t.details-row { margin-bottom: 8px; }\n\t\t\t\t.label { font-weight: bold; display: inline; }\n\t\t\t\t.value { display: inline; margin-left: 5px; }\n\t\t\t\t.carton-table { width: 100%; border-collapse: collapse; font-size: 14px; margin-top: 10px; }\n\t\t\t\t.carton-table th, .carton-table td { border: 1px solid #ddd; padding: 8px; text-align: left; }\n\t\t\t\t.carton-table th { background: #f5f5f5; font-weight: bold; }\n\t\t\t\t.location-section { margin: 20px 0; }\n\t\t\t\t.location-title { font-weight: bold; margin-bottom: 8px; }\n\t\t\t\t.location-row { margin-bottom: 6px; font-size: 14px; }\n\t\t\t\t.footer { margin-top: 30px; }\n\t\t\t\u003c/style\u003e\n\t\t\u003c/head\u003e\n\t\t\u003cbody\u003e\n\t\t\t\u003cp\u003eHello TestCarrier Team,\u003c/p\u003e\n\t\t\t\u003cp\u003eThis is to inform you about the delivery schedule for the following order:\u003c/p\u003e\n\n\t\t\t\u003cdiv class=\"order-details\"\u003e\n\t\t\t\t\u003cdiv class=\"details-row\"\u003e\n\t\t\t\t\t\u003cspan class=\"label\"\u003eLR Number:\u003c/span\u003e\n\t\t\t\t\t\u003cspan class=\"value\"\u003e498027\u003c/span\u003e\n\t\t\t\t\u003c/div\u003e\n\t\t\t\t\u003cdiv class=\"details-row\"\u003e\n\t\t\t\t\t\u003cspan class=\"label\"\u003ePO Number:\u003c/span\u003e\n\t\t\t\t\t\u003cspan class=\"value\"\u003eNHO1356502\u003c/span\u003e\n\t\t\t\t\u003c/div\u003e\n\t\t\t\t\u003cdiv class=\"details-row\"\u003e\n\t\t\t\t\t\u003cspan class=\"label\"\u003eMaster Waybills:\u003c/span\u003e\n\t\t\t\t\t\u003cspan class=\"value\"\u003eMWB503723\u003c/span\u003e\n\t\t\t\t\u003c/div\u003e\n\t\t\t\t\u003cdiv class=\"details-row\"\u003e\n\t\t\t\t\t\u003cspan class=\"label\"\u003eChild Waybills:\u003c/span\u003e\n\t\t\t\t\t\u003cspan class=\"value\"\u003eWB502374\u003c/span\u003e\n\t\t\t\t\u003c/div\u003e\n\t\t\t\t\u003cdiv class=\"details-row\"\u003e\n\t\t\t\t\t\u003cspan class=\"label\"\u003eDelivery Schedule:\u003c/span\u003e\n\t\t\t\t\t\u003cspan class=\"value\"\u003e30 Aug 2025 11:21 AM\u003c/span\u003e\n\t\t\t\t\u003c/div\u003e\n\t\t\t\t\u003cdiv class=\"details-row\"\u003e\n\t\t\t\t\t\u003cspan class=\"label\"\u003eTotal Cartons:\u003c/span\u003e\n\t\t\t\t\t\u003cspan class=\"value\"\u003e2\u003c/span\u003e\n\t\t\t\t\u003c/div\u003e\n\t\t\t\t\u003cdiv class=\"details-row\"\u003e\n\t\t\t\t\t\u003cspan class=\"label\"\u003eTotal Weight:\u003c/span\u003e\n\t\t\t\t\t\u003cspan class=\"value\"\u003e50.00 KG\u003c/span\u003e\n\t\t\t\t\u003c/div\u003e\n\t\t\t\u003c/div\u003e\n\t\n\t\t\t\u003cdiv class=\"order-details\"\u003e\n\t\t\t\t\u003cdiv class=\"location-title\"\u003eCarton Details\u003c/div\u003e\n\t\t\t\t\u003ctable class=\"carton-table\"\u003e\n\t\t\t\t\t\u003ctr\u003e\n\t\t\t\t\t\t\u003cth\u003eCarton\u003c/th\u003e\n\t\t\t\t\t\t\u003cth\u003eDimensions (L x B x H)\u003c/th\u003e\n\t\t\t\t\t\t\u003cth\u003eQuantity\u003c/th\u003e\n\t\t\t\t\t\t\u003cth\u003eWeight\u003c/th\u003e\n\t\t\t\t\t\u003c/tr\u003e\n\t\t\t\t\t\u003ctr\u003e\u003ctd\u003e1\u003c/td\u003e\u003ctd\u003e393.70 x 393.70 x 393.70 Inch\u003c/td\u003e\u003ctd\u003e2\u003c/td\u003e\u003ctd\u003e50.00 KG\u003c/td\u003e\u003c/tr\u003e\u003ctr\u003e\u003ctd\u003e2\u003c/td\u003e\u003ctd\u003e787.40 x 787.40 x 787.40 Inch\u003c/td\u003e\u003ctd\u003e2\u003c/td\u003e\u003ctd\u003e20.00 KG\u003c/td\u003e\u003c/tr\u003e\n\t\t\t\t\u003c/table\u003e\n\t\t\t\u003c/div\u003e\n\t\n\t\t\t\u003cdiv class=\"location-section\"\u003e\n\t\t\t\t\u003cdiv class=\"location-title\"\u003eDelivery Address\u003c/div\u003e\n\t\t\t\t\u003cdiv class=\"location-row\"\u003e\n\t\t\t\t\t\u003cspan class=\"label\"\u003eName:\u003c/span\u003e\n\t\t\t\t\t\u003cspan class=\"value\"\u003eMumbai Warehouse\u003c/span\u003e\n\t\t\t\t\u003c/div\u003e\n\t\t\t\t\u003cdiv class=\"location-row\"\u003e\n\t\t\t\t\t\u003cspan class=\"label\"\u003eAddress:\u003c/span\u003e\n\t\t\t\t\t\u003cspan class=\"value\"\u003e501, Lotus Residency, SV Road, Sion West, Mumbai, Maharashtra 400022\u003cbr\u003eMumbai, Maharashtra - 400022\u003c/span\u003e\n\t\t\t\t\u003c/div\u003e\n\t\t\t\t\u003cdiv class=\"location-row\"\u003e\n\t\t\t\t\t\u003cspan class=\"label\"\u003eContact:\u003c/span\u003e\n\t\t\t\t\t\u003cspan class=\"value\"\u003e8104561330\u003c/span\u003e\n\t\t\t\t\u003c/div\u003e\n\t\t\t\t\u003cdiv class=\"location-row\"\u003e\n\t\t\t\t\t\u003cspan class=\"label\"\u003eEmail:\u003c/span\u003e\n\t\t\t\t\t\u003cspan class=\"value\"\u003eomkar.kamble@openleaf.tech\u003c/span\u003e\n\t\t\t\t\u003c/div\u003e\n\t\t\t\u003c/div\u003e\n\t\n\t\t\t\u003cdiv class=\"location-section\"\u003e\n\t\t\t\t\u003cdiv class=\"location-title\"\u003ePickup Address\u003c/div\u003e\n\t\t\t\t\u003cdiv class=\"location-row\"\u003e\n\t\t\t\t\t\u003cspan class=\"label\"\u003eName:\u003c/span\u003e\n\t\t\t\t\t\u003cspan class=\"value\"\u003eMARS Cosmetics Pvt Ltd (MARSS)-302306\u003c/span\u003e\n\t\t\t\t\u003c/div\u003e\n\t\t\t\t\u003cdiv class=\"location-row\"\u003e\n\t\t\t\t\t\u003cspan class=\"label\"\u003eAddress:\u003c/span\u003e\n\t\t\t\t\t\u003cspan class=\"value\"\u003e3/36 2nd Floor Roop Nagar, Delhi\u003cbr\u003eDelhi, Delhi - 110007\u003c/span\u003e\n\t\t\t\t\u003c/div\u003e\n\t\t\t\t\u003cdiv class=\"location-row\"\u003e\n\t\t\t\t\t\u003cspan class=\"label\"\u003eContact:\u003c/span\u003e\n\t\t\t\t\t\u003cspan class=\"value\"\u003e\u003c/span\u003e\n\t\t\t\t\u003c/div\u003e\n\t\t\t\t\u003cdiv class=\"location-row\"\u003e\n\t\t\t\t\t\u003cspan class=\"label\"\u003eEmail:\u003c/span\u003e\n\t\t\t\t\t\u003cspan class=\"value\"\u003e\u003c/span\u003e\n\t\t\t\t\u003c/div\u003e\n\t\t\t\u003c/div\u003e\n\t\n\t\t\t\u003cdiv class=\"footer\"\u003e\n\t\t\t\t\u003cp\u003e\u003cstrong\u003eBest regards,\u003c/strong\u003e\u003cbr\u003eOpenleaf Team\u003c/p\u003e\n\t\t\t\u003c/div\u003e\n\t\t\u003c/body\u003e\n\t\t\u003c/html\u003e",
      "cc": [
        "omkar@openleaf.tech",
        "nikhil@openleaf.tech",
        "sahil@openleaf.tech"
      ],
      "error": "gomail: could not send email 1: open https://b2b-openleaf-bucket-1.s3.ap-south-1.amazonaws.com/order-documents/bb35c674-9117-4453-bb14-2ac1bd3441c7--purchase-order---0c344c40-99b3-4cd5-9497-88826edd3636--purchase-order---PODetails_NHO1356502_152145.pdf: The filename, directory name, or volume label syntax is incorrect.",
      "files": [
        "https://b2b-openleaf-bucket-1.s3.ap-south-1.amazonaws.com/order-documents/bb35c674-9117-4453-bb14-2ac1bd3441c7--purchase-order---0c344c40-99b3-4cd5-9497-88826edd3636--purchase-order---PODetails_NHO1356502_152145.pdf"
      ],
      "from": "b2b@openleaf.tech",
      "isHTML": true,
      "subject": "Delivery Scheduled for LR 498027 on 30 Aug 2025",
      "to": [
        "omkarkamble.work@gmail.com"
      ]
    }
  },
  "msg": "failed to send email",
  "time": "01-09-2025 14:40:14"
}
{
  "level": "error",
  "log_data": {
    "filename": "D:/Openleaf/Openleaf-Dev-B2B-Notification-Server/workers/carrier/appointmentEmail.go:274",
    "log_data": {
      "error": "failed to send email: gomail: could not send email 1: open https://b2b-openleaf-bucket-1.s3.ap-south-1.amazonaws.com/order-documents/bb35c674-9117-4453-bb14-2ac1bd3441c7--purchase-order---0c344c40-99b3-4cd5-9497-88826edd3636--purchase-order---PODetails_NHO1356502_152145.pdf: The filename, directory name, or volume label syntax is incorrect."
    }
  },
  "msg": "[worker] failed to send appointment email",
  "time": "01-09-2025 14:40:14"
}
{
  "level": "error",
  "log_data": {
    "filename": "D:/Openleaf/Openleaf-Dev-B2B-Notification-Server/helpers/email.go:92",
    "log_data": {
      "body": "\u003chtml\u003e\n\t\t\u003chead\u003e\n\t\t\t\u003cstyle\u003e\n\t\t\t\tbody { font-family: Arial, sans-serif; color: #333; line-height: 1.5; margin: 0; padding: 20px; }\n\t\t\t\t.order-details { margin: 20px 0; }\n\t\t\t\t.details-row { margin-bottom: 8px; }\n\t\t\t\t.label { font-weight: bold; display: inline; }\n\t\t\t\t.value { display: inline; margin-left: 5px; }\n\t\t\t\t.carton-table { width: 100%; border-collapse: collapse; font-size: 14px; margin-top: 10px; }\n\t\t\t\t.carton-table th, .carton-table td { border: 1px solid #ddd; padding: 8px; text-align: left; }\n\t\t\t\t.carton-table th { background: #f5f5f5; font-weight: bold; }\n\t\t\t\t.location-section { margin: 20px 0; }\n\t\t\t\t.location-title { font-weight: bold; margin-bottom: 8px; }\n\t\t\t\t.location-row { margin-bottom: 6px; font-size: 14px; }\n\t\t\t\t.footer { margin-top: 30px; }\n\t\t\t\u003c/style\u003e\n\t\t\u003c/head\u003e\n\t\t\u003cbody\u003e\n\t\t\t\u003cp\u003eHello TestCarrier Team,\u003c/p\u003e\n\t\t\t\u003cp\u003eThis is to inform you about the delivery schedule for the following order:\u003c/p\u003e\n\n\t\t\t\u003cdiv class=\"order-details\"\u003e\n\t\t\t\t\u003cdiv class=\"details-row\"\u003e\n\t\t\t\t\t\u003cspan class=\"label\"\u003eLR Number:\u003c/span\u003e\n\t\t\t\t\t\u003cspan class=\"value\"\u003e498027\u003c/span\u003e\n\t\t\t\t\u003c/div\u003e\n\t\t\t\t\u003cdiv class=\"details-row\"\u003e\n\t\t\t\t\t\u003cspan class=\"label\"\u003ePO Number:\u003c/span\u003e\n\t\t\t\t\t\u003cspan class=\"value\"\u003eNHO1356502\u003c/span\u003e\n\t\t\t\t\u003c/div\u003e\n\t\t\t\t\u003cdiv class=\"details-row\"\u003e\n\t\t\t\t\t\u003cspan class=\"label\"\u003eMaster Waybills:\u003c/span\u003e\n\t\t\t\t\t\u003cspan class=\"value\"\u003eMWB503723\u003c/span\u003e\n\t\t\t\t\u003c/div\u003e\n\t\t\t\t\u003cdiv class=\"details-row\"\u003e\n\t\t\t\t\t\u003cspan class=\"label\"\u003eChild Waybills:\u003c/span\u003e\n\t\t\t\t\t\u003cspan class=\"value\"\u003eWB502374\u003c/span\u003e\n\t\t\t\t\u003c/div\u003e\n\t\t\t\t\u003cdiv class=\"details-row\"\u003e\n\t\t\t\t\t\u003cspan class=\"label\"\u003eDelivery Schedule:\u003c/span\u003e\n\t\t\t\t\t\u003cspan class=\"value\"\u003e30 Aug 2025 11:21 AM\u003c/span\u003e\n\t\t\t\t\u003c/div\u003e\n\t\t\t\t\u003cdiv class=\"details-row\"\u003e\n\t\t\t\t\t\u003cspan class=\"label\"\u003eTotal Cartons:\u003c/span\u003e\n\t\t\t\t\t\u003cspan class=\"value\"\u003e2\u003c/span\u003e\n\t\t\t\t\u003c/div\u003e\n\t\t\t\t\u003cdiv class=\"details-row\"\u003e\n\t\t\t\t\t\u003cspan class=\"label\"\u003eTotal Weight:\u003c/span\u003e\n\t\t\t\t\t\u003cspan class=\"value\"\u003e50.00 KG\u003c/span\u003e\n\t\t\t\t\u003c/div\u003e\n\t\t\t\u003c/div\u003e\n\t\n\t\t\t\u003cdiv class=\"order-details\"\u003e\n\t\t\t\t\u003cdiv class=\"location-title\"\u003eCarton Details\u003c/div\u003e\n\t\t\t\t\u003ctable class=\"carton-table\"\u003e\n\t\t\t\t\t\u003ctr\u003e\n\t\t\t\t\t\t\u003cth\u003eCarton\u003c/th\u003e\n\t\t\t\t\t\t\u003cth\u003eDimensions (L x B x H)\u003c/th\u003e\n\t\t\t\t\t\t\u003cth\u003eQuantity\u003c/th\u003e\n\t\t\t\t\t\t\u003cth\u003eWeight\u003c/th\u003e\n\t\t\t\t\t\u003c/tr\u003e\n\t\t\t\t\t\u003ctr\u003e\u003ctd\u003e1\u003c/td\u003e\u003ctd\u003e393.70 x 393.70 x 393.70 Inch\u003c/td\u003e\u003ctd\u003e2\u003c/td\u003e\u003ctd\u003e50.00 KG\u003c/td\u003e\u003c/tr\u003e\u003ctr\u003e\u003ctd\u003e2\u003c/td\u003e\u003ctd\u003e787.40 x 787.40 x 787.40 Inch\u003c/td\u003e\u003ctd\u003e2\u003c/td\u003e\u003ctd\u003e20.00 KG\u003c/td\u003e\u003c/tr\u003e\n\t\t\t\t\u003c/table\u003e\n\t\t\t\u003c/div\u003e\n\t\n\t\t\t\u003cdiv class=\"location-section\"\u003e\n\t\t\t\t\u003cdiv class=\"location-title\"\u003eDelivery Address\u003c/div\u003e\n\t\t\t\t\u003cdiv class=\"location-row\"\u003e\n\t\t\t\t\t\u003cspan class=\"label\"\u003eName:\u003c/span\u003e\n\t\t\t\t\t\u003cspan class=\"value\"\u003eMumbai Warehouse\u003c/span\u003e\n\t\t\t\t\u003c/div\u003e\n\t\t\t\t\u003cdiv class=\"location-row\"\u003e\n\t\t\t\t\t\u003cspan class=\"label\"\u003eAddress:\u003c/span\u003e\n\t\t\t\t\t\u003cspan class=\"value\"\u003e501, Lotus Residency, SV Road, Sion West, Mumbai, Maharashtra 400022\u003cbr\u003eMumbai, Maharashtra - 400022\u003c/span\u003e\n\t\t\t\t\u003c/div\u003e\n\t\t\t\t\u003cdiv class=\"location-row\"\u003e\n\t\t\t\t\t\u003cspan class=\"label\"\u003eContact:\u003c/span\u003e\n\t\t\t\t\t\u003cspan class=\"value\"\u003e8104561330\u003c/span\u003e\n\t\t\t\t\u003c/div\u003e\n\t\t\t\t\u003cdiv class=\"location-row\"\u003e\n\t\t\t\t\t\u003cspan class=\"label\"\u003eEmail:\u003c/span\u003e\n\t\t\t\t\t\u003cspan class=\"value\"\u003eomkar.kamble@openleaf.tech\u003c/span\u003e\n\t\t\t\t\u003c/div\u003e\n\t\t\t\u003c/div\u003e\n\t\n\t\t\t\u003cdiv class=\"location-section\"\u003e\n\t\t\t\t\u003cdiv class=\"location-title\"\u003ePickup Address\u003c/div\u003e\n\t\t\t\t\u003cdiv class=\"location-row\"\u003e\n\t\t\t\t\t\u003cspan class=\"label\"\u003eName:\u003c/span\u003e\n\t\t\t\t\t\u003cspan class=\"value\"\u003eMARS Cosmetics Pvt Ltd (MARSS)-302306\u003c/span\u003e\n\t\t\t\t\u003c/div\u003e\n\t\t\t\t\u003cdiv class=\"location-row\"\u003e\n\t\t\t\t\t\u003cspan class=\"label\"\u003eAddress:\u003c/span\u003e\n\t\t\t\t\t\u003cspan class=\"value\"\u003e3/36 2nd Floor Roop Nagar, Delhi\u003cbr\u003eDelhi, Delhi - 110007\u003c/span\u003e\n\t\t\t\t\u003c/div\u003e\n\t\t\t\t\u003cdiv class=\"location-row\"\u003e\n\t\t\t\t\t\u003cspan class=\"label\"\u003eContact:\u003c/span\u003e\n\t\t\t\t\t\u003cspan class=\"value\"\u003e\u003c/span\u003e\n\t\t\t\t\u003c/div\u003e\n\t\t\t\t\u003cdiv class=\"location-row\"\u003e\n\t\t\t\t\t\u003cspan class=\"label\"\u003eEmail:\u003c/span\u003e\n\t\t\t\t\t\u003cspan class=\"value\"\u003e\u003c/span\u003e\n\t\t\t\t\u003c/div\u003e\n\t\t\t\u003c/div\u003e\n\t\n\t\t\t\u003cdiv class=\"footer\"\u003e\n\t\t\t\t\u003cp\u003e\u003cstrong\u003eBest regards,\u003c/strong\u003e\u003cbr\u003eOpenleaf Team\u003c/p\u003e\n\t\t\t\u003c/div\u003e\n\t\t\u003c/body\u003e\n\t\t\u003c/html\u003e",
      "cc": [
        "omkar@openleaf.tech",
        "nikhil@openleaf.tech",
        "sahil@openleaf.tech"
      ],
      "error": "gomail: could not send email 1: open https://b2b-openleaf-bucket-1.s3.ap-south-1.amazonaws.com/order-documents/07fd42ef-ebec-4989-843d-3ffe7c6e3a2b--invoice_copy---Patna%20Hands.pdf: The filename, directory name, or volume label syntax is incorrect.",
      "files": [
        "https://b2b-openleaf-bucket-1.s3.ap-south-1.amazonaws.com/order-documents/07fd42ef-ebec-4989-843d-3ffe7c6e3a2b--invoice_copy---Patna%20Hands.pdf"
      ],
      "from": "b2b@openleaf.tech",
      "isHTML": true,
      "subject": "Delivery Scheduled for LR 498027 on 30 Aug 2025",
      "to": [
        "omkarkamble.work@gmail.com"
      ]
    }
  },
  "msg": "failed to send email",
  "time": "01-09-2025 14:42:57"
}
{
  "level": "error",
  "log_data": {
    "filename": "D:/Openleaf/Openleaf-Dev-B2B-Notification-Server/workers/carrier/appointmentEmail.go:274",
    "log_data": {
      "error": "failed to send email: gomail: could not send email 1: open https://b2b-openleaf-bucket-1.s3.ap-south-1.amazonaws.com/order-documents/07fd42ef-ebec-4989-843d-3ffe7c6e3a2b--invoice_copy---Patna%20Hands.pdf: The filename, directory name, or volume label syntax is incorrect."
    }
  },
  "msg": "[worker] failed to send appointment email",
  "time": "01-09-2025 14:42:57"
}
{
  "level": "error",
  "log_data": {
    "filename": "D:/Openleaf/Openleaf-Dev-B2B-Notification-Server/helpers/email.go:136",
    "log_data": {
      "body": "\u003chtml\u003e\n\t\t\u003chead\u003e\n\t\t\t\u003cstyle\u003e\n\t\t\t\tbody { font-family: Arial, sans-serif; color: #333; line-height: 1.5; margin: 0; padding: 20px; }\n\t\t\t\t.order-details { margin: 20px 0; }\n\t\t\t\t.details-row { margin-bottom: 8px; }\n\t\t\t\t.label { font-weight: bold; display: inline; }\n\t\t\t\t.value { display: inline; margin-left: 5px; }\n\t\t\t\t.carton-table { width: 100%; border-collapse: collapse; font-size: 14px; margin-top: 10px; }\n\t\t\t\t.carton-table th, .carton-table td { border: 1px solid #ddd; padding: 8px; text-align: left; }\n\t\t\t\t.carton-table th { background: #f5f5f5; font-weight: bold; }\n\t\t\t\t.location-section { margin: 20px 0; }\n\t\t\t\t.location-title { font-weight: bold; margin-bottom: 8px; }\n\t\t\t\t.location-row { margin-bottom: 6px; font-size: 14px; }\n\t\t\t\t.footer { margin-top: 30px; }\n\t\t\t\u003c/style\u003e\n\t\t\u003c/head\u003e\n\t\t\u003cbody\u003e\n\t\t\t\u003cp\u003eHello TestCarrier Team,\u003c/p\u003e\n\t\t\t\u003cp\u003eThis is to inform you about the delivery schedule for the following order:\u003c/p\u003e\n\n\t\t\t\u003cdiv class=\"order-details\"\u003e\n\t\t\t\t\u003cdiv class=\"details-row\"\u003e\n\t\t\t\t\t\u003cspan class=\"label\"\u003eLR Number:\u003c/span\u003e\n\t\t\t\t\t\u003cspan class=\"value\"\u003e498027\u003c/span\u003e\n\t\t\t\t\u003c/div\u003e\n\t\t\t\t\u003cdiv class=\"details-row\"\u003e\n\t\t\t\t\t\u003cspan class=\"label\"\u003ePO Number:\u003c/span\u003e\n\t\t\t\t\t\u003cspan class=\"value\"\u003eNHO1356502\u003c/span\u003e\n\t\t\t\t\u003c/div\u003e\n\t\t\t\t\u003cdiv class=\"details-row\"\u003e\n\t\t\t\t\t\u003cspan class=\"label\"\u003eMaster Waybills:\u003c/span\u003e\n\t\t\t\t\t\u003cspan class=\"value\"\u003eMWB503723\u003c/span\u003e\n\t\t\t\t\u003c/div\u003e\n\t\t\t\t\u003cdiv class=\"details-row\"\u003e\n\t\t\t\t\t\u003cspan class=\"label\"\u003eChild Waybills:\u003c/span\u003e\n\t\t\t\t\t\u003cspan class=\"value\"\u003eWB502374\u003c/span\u003e\n\t\t\t\t\u003c/div\u003e\n\t\t\t\t\u003cdiv class=\"details-row\"\u003e\n\t\t\t\t\t\u003cspan class=\"label\"\u003eDelivery Schedule:\u003c/span\u003e\n\t\t\t\t\t\u003cspan class=\"value\"\u003e30 Aug 2025 11:21 AM\u003c/span\u003e\n\t\t\t\t\u003c/div\u003e\n\t\t\t\t\u003cdiv class=\"details-row\"\u003e\n\t\t\t\t\t\u003cspan class=\"label\"\u003eTotal Cartons:\u003c/span\u003e\n\t\t\t\t\t\u003cspan class=\"value\"\u003e2\u003c/span\u003e\n\t\t\t\t\u003c/div\u003e\n\t\t\t\t\u003cdiv class=\"details-row\"\u003e\n\t\t\t\t\t\u003cspan class=\"label\"\u003eTotal Weight:\u003c/span\u003e\n\t\t\t\t\t\u003cspan class=\"value\"\u003e50.00 KG\u003c/span\u003e\n\t\t\t\t\u003c/div\u003e\n\t\t\t\u003c/div\u003e\n\t\n\t\t\t\u003cdiv class=\"order-details\"\u003e\n\t\t\t\t\u003cdiv class=\"location-title\"\u003eCarton Details\u003c/div\u003e\n\t\t\t\t\u003ctable class=\"carton-table\"\u003e\n\t\t\t\t\t\u003ctr\u003e\n\t\t\t\t\t\t\u003cth\u003eCarton\u003c/th\u003e\n\t\t\t\t\t\t\u003cth\u003eDimensions (L x B x H)\u003c/th\u003e\n\t\t\t\t\t\t\u003cth\u003eQuantity\u003c/th\u003e\n\t\t\t\t\t\t\u003cth\u003eWeight\u003c/th\u003e\n\t\t\t\t\t\u003c/tr\u003e\n\t\t\t\t\t\u003ctr\u003e\u003ctd\u003e1\u003c/td\u003e\u003ctd\u003e393.70 x 393.70 x 393.70 Inch\u003c/td\u003e\u003ctd\u003e2\u003c/td\u003e\u003ctd\u003e50.00 KG\u003c/td\u003e\u003c/tr\u003e\u003ctr\u003e\u003ctd\u003e2\u003c/td\u003e\u003ctd\u003e787.40 x 787.40 x 787.40 Inch\u003c/td\u003e\u003ctd\u003e2\u003c/td\u003e\u003ctd\u003e20.00 KG\u003c/td\u003e\u003c/tr\u003e\n\t\t\t\t\u003c/table\u003e\n\t\t\t\u003c/div\u003e\n\t\n\t\t\t\u003cdiv class=\"location-section\"\u003e\n\t\t\t\t\u003cdiv class=\"location-title\"\u003eDelivery Address\u003c/div\u003e\n\t\t\t\t\u003cdiv class=\"location-row\"\u003e\n\t\t\t\t\t\u003cspan class=\"label\"\u003eName:\u003c/span\u003e\n\t\t\t\t\t\u003cspan class=\"value\"\u003eMumbai Warehouse\u003c/span\u003e\n\t\t\t\t\u003c/div\u003e\n\t\t\t\t\u003cdiv class=\"location-row\"\u003e\n\t\t\t\t\t\u003cspan class=\"label\"\u003eAddress:\u003c/span\u003e\n\t\t\t\t\t\u003cspan class=\"value\"\u003e501, Lotus Residency, SV Road, Sion West, Mumbai, Maharashtra 400022\u003cbr\u003eMumbai, Maharashtra - 400022\u003c/span\u003e\n\t\t\t\t\u003c/div\u003e\n\t\t\t\t\u003cdiv class=\"location-row\"\u003e\n\t\t\t\t\t\u003cspan class=\"label\"\u003eContact:\u003c/span\u003e\n\t\t\t\t\t\u003cspan class=\"value\"\u003e8104561330\u003c/span\u003e\n\t\t\t\t\u003c/div\u003e\n\t\t\t\t\u003cdiv class=\"location-row\"\u003e\n\t\t\t\t\t\u003cspan class=\"label\"\u003eEmail:\u003c/span\u003e\n\t\t\t\t\t\u003cspan class=\"value\"\u003eomkar.kamble@openleaf.tech\u003c/span\u003e\n\t\t\t\t\u003c/div\u003e\n\t\t\t\u003c/div\u003e\n\t\n\t\t\t\u003cdiv class=\"location-section\"\u003e\n\t\t\t\t\u003cdiv class=\"location-title\"\u003ePickup Address\u003c/div\u003e\n\t\t\t\t\u003cdiv class=\"location-row\"\u003e\n\t\t\t\t\t\u003cspan class=\"label\"\u003eName:\u003c/span\u003e\n\t\t\t\t\t\u003cspan class=\"value\"\u003eMARS Cosmetics Pvt Ltd (MARSS)-302306\u003c/span\u003e\n\t\t\t\t\u003c/div\u003e\n\t\t\t\t\u003cdiv class=\"location-row\"\u003e\n\t\t\t\t\t\u003cspan class=\"label\"\u003eAddress:\u003c/span\u003e\n\t\t\t\t\t\u003cspan class=\"value\"\u003e3/36 2nd Floor Roop Nagar, Delhi\u003cbr\u003eDelhi, Delhi - 110007\u003c/span\u003e\n\t\t\t\t\u003c/div\u003e\n\t\t\t\t\u003cdiv class=\"location-row\"\u003e\n\t\t\t\t\t\u003cspan class=\"label\"\u003eContact:\u003c/span\u003e\n\t\t\t\t\t\u003cspan class=\"value\"\u003e\u003c/span\u003e\n\t\t\t\t\u003c/div\u003e\n\t\t\t\t\u003cdiv class=\"location-row\"\u003e\n\t\t\t\t\t\u003cspan class=\"label\"\u003eEmail:\u003c/span\u003e\n\t\t\t\t\t\u003cspan class=\"value\"\u003e\u003c/span\u003e\n\t\t\t\t\u003c/div\u003e\n\t\t\t\u003c/div\u003e\n\t\n\t\t\t\u003cdiv class=\"footer\"\u003e\n\t\t\t\t\u003cp\u003e\u003cstrong\u003eBest regards,\u003c/strong\u003e\u003cbr\u003eOpenleaf Team\u003c/p\u003e\n\t\t\t\u003c/div\u003e\n\t\t\u003c/body\u003e\n\t\t\u003c/html\u003e",
      "cc": [
        "omkar@openleaf.tech",
        "nikhil@openleaf.tech",
        "sahil@openleaf.tech"
      ],
      "error": "gomail: could not send email 1: open https://b2b-openleaf-bucket-1.s3.ap-south-1.amazonaws.com/order-documents/07fd42ef-ebec-4989-843d-3ffe7c6e3a2b--invoice_copy---Patna%20Hands.pdf: The filename, directory name, or volume label syntax is incorrect.",
      "files": [
        "https://b2b-openleaf-bucket-1.s3.ap-south-1.amazonaws.com/order-documents/07fd42ef-ebec-4989-843d-3ffe7c6e3a2b--invoice_copy---Patna%20Hands.pdf"
      ],
      "from": "b2b@openleaf.tech",
      "isHTML": true,
      "subject": "Delivery Scheduled for LR 498027 on 30 Aug 2025",
      "to": [
        "omkarkamble.work@gmail.com"
      ]
    }
  },
  "msg": "failed to send email",
  "time": "01-09-2025 15:28:33"
}
{
  "level": "error",
  "log_data": {
    "filename": "D:/Openleaf/Openleaf-Dev-B2B-Notification-Server/workers/carrier/appointmentEmail.go:280",
    "log_data": {
      "error": "failed to send email: gomail: could not send email 1: open https://b2b-openleaf-bucket-1.s3.ap-south-1.amazonaws.com/order-documents/07fd42ef-ebec-4989-843d-3ffe7c6e3a2b--invoice_copy---Patna%20Hands.pdf: The filename, directory name, or volume label syntax is incorrect."
    }
  },
  "msg": "[worker] failed to send appointment email",
  "time": "01-09-2025 15:28:33"
}
{
  "level": "error",
  "log_data": {
    "filename": "D:/Openleaf/Openleaf-Dev-B2B-Notification-Server/scheduler/carrierBulkPickupNotification.go:152",
    "log_data": {
      "payload": {
        "notification_id": "ac9a628f-34cf-4c7d-a295-79d9be9ef42e",
        "admin_id": "1ecf71e1-1748-425b-9071-56e925a391a3",
        "user_id": "21049097-9018-47ba-a1e7-8f6754d80aa5",
        "data": {
          "carrier_id": "1e42b238-6b39-495f-80b2-45e407767ad2",
          "day": "-2"
        },
        "settings": {
          "ans_id": "ac9a628f-34cf-4c7d-a295-79d9be9ef42e",
          "admin_id": "1ecf71e1-1748-425b-9071-56e925a391a3",
          "user_id": "21049097-9018-47ba-a1e7-8f6754d80aa5",
          "channel": null,
          "carrier_id": "1e42b238-6b39-495f-80b2-45e407767ad2",
          "sender_emails_for_channel": null,
          "sender_cc_emails_for_channel": null,
          "receiver_emails_for_channel": null,
          "receiver_cc_emails_for_channel": null,
          "sender_emails_for_carrier": "b2b@openleaf.tech",
          "sender_cc_emails_for_carrier": "omkar@openleaf.tech",
          "receiver_emails_for_carrier": "omkarkamble.work@gmail.com",
          "receiver_cc_emails_for_carrier": "sahil@openleaf.tech",
          "send_notification": false,
          "notification_days": null,
          "notification_type": null,
          "send_reminder": false,
          "reminder_days": null,
          "reminder_type": null,
          "send_bulk_reminder": false,
          "bulk_reminder_time": null,
          "bulk_reminder_days": null,
          "bulk_reminder_days_range": null,
          "bulk_reminder_type": null,
          "send_pickup_weight_notification": true,
          "pickup_weight_notification_time": "18:55",
          "pickup_weight_notification_days_range": "-2",
          "created_at": "0001-01-01T00:00:00Z"
        }
      }
    }
  },
  "msg": "successfully marshal payload",
  "time": "07-10-2025 02:26:18"
}
{
  "level": "error",
  "log_data": {
    "filename": "D:/Openleaf/Openleaf-Dev-B2B-Notification-Server/workers/carrier/carrierBulkDeliverEmail.go:137",
    "log_data": {
      "args": [
        "all",
        "2025-10-07T00:00:00+05:30",
        "2025-10-07T02:26:26.1226987+05:30"
      ],
      "carrier_id": "all",
      "error": "pq: got 3 parameters but the statement requires 4",
      "query": "\n    SELECT\n        o.carrier_name, o.channel, o.po_number, o.customer_city, o.customer_pincode,\n        o.sku_details, o.lr_number, oa.appointment_scheduled_at, \"to\".expected_delivery_date,\n        o.total_cartons, o.total_dead_weight, o.carton_details,\n        o.invoice_number, o.total_invoice_value\n    FROM\n        orders o\n    LEFT JOIN\n        order_activity oa ON o.order_id = oa.order_id\n    LEFT JOIN\n        tracking_orders \"to\" ON o.order_id = \"to\".order_id\n\n\tWHERE o.carrier_id = $1 AND o.user_id = $2\n\tAND (\n\t\t(oa.appointment_scheduled_at IS NOT NULL AND oa.appointment_scheduled_at \u003e= $3 AND oa.appointment_scheduled_at \u003c= $4)\n\t\tOR\n\t\t(oa.appointment_scheduled_at IS NULL AND \"to\".expected_delivery_date \u003e= $3 AND \"to\".expected_delivery_date \u003c= $4)\n\t)"
    }
  },
  "msg": "[worker] failed to fetch and scan deliveries",
  "time": "07-10-2025 02:26:26"
}
